leftshape:441
right:337
straight:207
totol num ofdata:985
25 17
x_data:[[[-0.03 0 -0.02 0.78 0.05 0.62]
  [-0.06 -0.02 -0.03 1.56 0.1 1.25]
  [-0.09 -0.03 -0.04 2.33 0.16 1.88]
  [-0.16 0.010000000000000002 -0.02 3.1 0.21000000000000002 2.51]
  [-0.2 0.020000000000000004 0 3.87 0.26 3.15]
  [-0.18000000000000002 -0.039999999999999994 0 4.65 0.27
   3.8499999999999996]
  [-0.010000000000000009 -1.35 0.11 5.4 0.32 4.64]
  [-0.37 -3.96 0.73 6.11 0.5 5.35]
  [-1.75 -8.57 2.51 7.57 0.53 5.96]
  [-3.5700000000000003 -13.41 4.85 9.38 0.5800000000000001 6.58]
  [-5.69 -16.39 7.27 7.950000000000001 1.72 7.86]
  [-4.720000000000001 -14.47 7.319999999999999 8.590000000000002 2.09
   8.530000000000001]
  [-4.420000000000001 -11.190000000000001 6.829999999999999
   9.100000000000001 2.31 9.010000000000002]
  [-3.660000000000001 -7.130000000000002 5.139999999999999
   9.920000000000002 2.41 9.580000000000002]
  [-3.1900000000000013 -2.910000000000002 2.759999999999999
   11.090000000000002 2.41 10.280000000000001]
  [-3.010000000000001 1.299999999999998 0.05999999999999872
   12.580000000000002 2.47 11.080000000000002]
  [-3.160000000000001 5.1999999999999975 -2.5000000000000013
   14.430000000000001 2.48 11.750000000000002]
  [-2.910000000000001 8.129999999999997 -4.750000000000002
   16.020000000000003 2 11.510000000000002]
  [-2.100000000000001 7.9499999999999975 -5.710000000000002
   17.300000000000004 2.04 10.780000000000001]
  [-4.910000000000001 4.789999999999997 -3.0900000000000016
   17.280000000000005 0.45999999999999996 12.090000000000002]
  [-4.910000000000001 2.4699999999999975 -2.330000000000002
   18.130000000000006 0.33999999999999997 12.810000000000002]
  [-5.280000000000001 2.4299999999999975 -1.9900000000000018
   19.290000000000006 0.72 13.250000000000002]
  [-5.1800000000000015 2.3599999999999977 -2.0000000000000018
   20.070000000000007 0.77 13.920000000000002]
  [-5.290000000000002 2.269999999999998 -1.9600000000000017
   20.85000000000001 0.81 14.560000000000002]
  [-5.400000000000002 1.9499999999999977 -1.8600000000000017
   21.63000000000001 0.89 15.180000000000001]]

 [[-0.3 -0.03 0.11 0.79 0 0.56]
  [-0.52 0.30000000000000004 0.16 1.55 0 1.2200000000000002]
  [-0.48000000000000004 0.050000000000000044 0.05 2.31 -0.02
   1.9000000000000004]
  [-0.43000000000000005 -0.7799999999999999 0.22999999999999998
   3.0700000000000003 0.030000000000000002 2.66]
  [-0.73 -2.94 0.75 3.7600000000000002 0.05 3.45]
  [-1.96 -8.15 2.55 4.59 0.22999999999999998 4.19]
  [-4.17 -14.81 5.1899999999999995 6.68 0.24999999999999997
   4.960000000000001]
  [-6.449999999999999 -18.310000000000002 7.76 4.39 1.22
   5.380000000000001]
  [-5.289999999999999 -15.540000000000003 8.24 5.1899999999999995
   1.5699999999999998 5.860000000000001]
  [-4.869999999999999 -12.000000000000004 7.75 5.529999999999999
   1.7599999999999998 6.160000000000001]
  [-4.56 -7.6300000000000034 5.84 6.43 1.6599999999999997
   6.520000000000001]
  [-3.7499999999999996 -2.650000000000003 3.65 7.63 1.6899999999999997
   6.900000000000001]
  [-4.21 2.5699999999999967 1.48 9.29 1.7899999999999998
   7.450000000000001]
  [-4.7 7.519999999999997 -1.2400000000000002 11.04 2.02
   8.040000000000001]
  [-4.25 10.999999999999996 -4.44 12.61 1.8900000000000001
   8.530000000000001]
  [-2.54 12.529999999999996 -6.680000000000001 14.129999999999999
   1.5100000000000002 8.020000000000001]
  [-2.62 11.859999999999996 -5.86 15.27 1.5600000000000003
   7.880000000000002]
  [-5.07 7.909999999999996 -4.710000000000001 14.59 0.16000000000000036
   9.580000000000002]
  [-4.8100000000000005 4.659999999999996 -4.200000000000001 15.84
   0.29000000000000037 10.320000000000002]
  [-5.300000000000001 4.999999999999996 -3.780000000000001 16.5
   0.8600000000000003 11.030000000000001]
  [-5.330000000000001 5.099999999999995 -3.6300000000000012 17.23
   0.8500000000000003 11.740000000000002]
  [-5.440000000000001 5.319999999999995 -3.6700000000000013
   17.990000000000002 0.8600000000000003 12.400000000000002]
  [-5.3900000000000015 5.069999999999995 -3.760000000000001
   18.750000000000004 0.9100000000000004 13.070000000000002]
  [-5.370000000000002 4.619999999999995 -3.7500000000000013
   19.520000000000003 0.9600000000000004 13.700000000000003]
  [-5.350000000000002 4.169999999999995 -3.7400000000000015
   20.290000000000003 1.0100000000000005 14.330000000000004]]

 [[-0.01 -0.34 0.05 0.77 0.01 0.61]
  [-0.03 -0.6200000000000001 0.05 1.55 0.04 1.2]
  [-0.22 -1.1300000000000001 0.21000000000000002 2.31
   0.11000000000000001 1.94]
  [-0.88 -3.16 0.73 3.02 0.18000000000000002 2.71]
  [-2 -8.5 2.41 3.7199999999999998 0.26 3.4699999999999998]
  [-3.56 -15.41 4.76 5.83 0.24000000000000002 4.25]
  [-5.57 -18.73 6.97 3.3200000000000003 1.29 4.88]
  [-4.5200000000000005 -15.9 7.17 3.8600000000000003 1.51 5.37]
  [-4.36 -12.34 7.05 4.430000000000001 1.75 5.76]
  [-3.1900000000000004 -7.64 5.58 5.3100000000000005 1.82 6.2]
  [-2.5400000000000005 -2.54 3.5500000000000003 6.5600000000000005
   1.9100000000000001 6.69]
  [-2.4800000000000004 2.5199999999999996 0.8500000000000001 8.24 2.04
   7.3500000000000005]
  [-2.3400000000000003 6.869999999999999 -2.4299999999999997 10.13 2.07
   7.8500000000000005]
  [-1.2200000000000002 9.27 -5.25 11.84 1.7399999999999998 7.65]
  [-0.4900000000000002 9.27 -5.73 13.08 1.6699999999999997
   7.0200000000000005]
  [-1.5300000000000002 3.8 -6.800000000000001 14.98 1.2399999999999998
   8.3]
  [-1.0400000000000003 1.5799999999999996 -6.340000000000001
   15.860000000000001 2.1999999999999997 8.690000000000001]
  [-1.6900000000000004 0.2799999999999996 -4.910000000000001 17.41
   1.7399999999999998 9.190000000000001]
  [-1.9100000000000004 0.3099999999999996 -4.590000000000001 18.18
   1.7699999999999998 9.840000000000002]
  [-2.0200000000000005 0.6399999999999997 -4.470000000000001 18.95
   1.7499999999999998 10.510000000000002]
  [-2.1500000000000004 0.5999999999999996 -4.470000000000001 19.71
   1.7699999999999998 11.170000000000002]
  [-2.3200000000000003 0.41999999999999965 -4.410000000000001
   20.470000000000002 1.7699999999999998 11.830000000000002]
  [-2.49 0.23999999999999966 -4.350000000000001 21.230000000000004
   1.7699999999999998 12.490000000000002]
  [-2.66 0.059999999999999665 -4.290000000000002 21.990000000000006
   1.7699999999999998 13.150000000000002]
  [-2.83 -0.12000000000000033 -4.230000000000002 22.750000000000007
   1.7699999999999998 13.810000000000002]]

 [[-0.13 -0.25 0.1 0.76 0 0.64]
  [0.06 -0.72 -0.01999999999999999 1.52 -0.04 1.3]
  [0.03 -1.45 0.16 2.2800000000000002 0 2.0300000000000002]
  [-0.31000000000000005 -3.3499999999999996 0.6 2.97 0
   2.8100000000000005]
  [-1.45 -8.1 2.37 3.7700000000000005 0.12 3.5200000000000005]
  [-3.33 -14.29 4.7 5.67 0.01999999999999999 4.2700000000000005]
  [-5.6 -17.49 6.84 4.76 0.99 5.53]
  [-5.1899999999999995 -15.669999999999998 7.03 5.72 1.14 6.2]
  [-4.329999999999999 -12.529999999999998 6.74 6.109999999999999 1.18
   6.640000000000001]
  [-2.669999999999999 -8.349999999999998 5.5200000000000005
   6.819999999999999 0.97 7.170000000000001]
  [-1.0299999999999991 -3.5399999999999983 3.5800000000000005
   7.879999999999999 0.74 7.740000000000001]
  [-0.11999999999999911 1.5500000000000016 1.3200000000000007 9.35 0.62
   8.500000000000002]
  [0.1100000000000009 6.230000000000001 -1.7499999999999991 11.19 0.71
   9.260000000000002]
  [0.3900000000000009 9.520000000000001 -4.839999999999999
   13.129999999999999 0.43999999999999995 9.140000000000002]
  [0.9200000000000009 9.55 -6.949999999999999 14.579999999999998
   0.42999999999999994 8.210000000000003]
  [-0.6099999999999991 6.8100000000000005 -7.789999999999999
   14.489999999999998 0.6299999999999999 8.820000000000002]
  [-0.39999999999999913 2.750000000000001 -7.879999999999999
   16.009999999999998 0.05999999999999994 9.770000000000001]
  [-1.2999999999999992 0.9100000000000008 -6.079999999999999 17.86
   -0.39000000000000007 10.340000000000002]
  [-1.7999999999999992 0.7000000000000008 -5.549999999999999
   18.759999999999998 -0.52 11.040000000000001]
  [-1.8699999999999992 0.6100000000000009 -5.499999999999999 19.54
   -0.48000000000000004 11.690000000000001]
  [-1.8299999999999992 0.48000000000000087 -5.549999999999999 20.31
   -0.45000000000000007 12.340000000000002]
  [-1.7899999999999991 0.35000000000000087 -5.599999999999999 21.08
   -0.42000000000000004 12.990000000000002]
  [-1.7499999999999991 0.22000000000000086 -5.649999999999999
   21.849999999999998 -0.39 13.640000000000002]
  [-1.709999999999999 0.09000000000000086 -5.699999999999998
   22.619999999999997 -0.36 14.290000000000003]
  [-1.669999999999999 -0.03999999999999915 -5.749999999999998
   23.389999999999997 -0.32999999999999996 14.940000000000003]]

 [[0.24 -0.44 0.05 0.79 0.03 0.63]
  [0.24 -1.07 0.12000000000000001 1.6 0.07 1.21]
  [0.07999999999999999 -1.6 0.24 2.42 0.19 1.77]
  [-0.5 -2.2600000000000002 0.6599999999999999 3.2199999999999998 0.23
   2.4]
  [-1.2 -4.2 1.4899999999999998 3.9699999999999998 0.25 3.11]
  [-2.91 -9.21 3.65 5.14 0.33 3.9699999999999998]
  [-4.59 -14.34 6.27 7.619999999999999 0.39 4.75]
  [-8.379999999999999 -18.1 9.649999999999999 10.12 -0.15000000000000002
   4.57]
  [-8.43 -14.780000000000001 8.899999999999999 10.43 0.19999999999999996
   5]
  [-8.9 -10.88 8.629999999999999 11.2 0.37 5.35]
  [-8.370000000000001 -5.94 7.329999999999999 12.239999999999998 0.52
   5.6899999999999995]
  [-8.32 -1 5.489999999999999 13.689999999999998 0.92 6.079999999999999]
  [-8.620000000000001 3.54 2.1799999999999993 15.559999999999999 1.36
   6.539999999999999]
  [-9.07 6.83 -1.8800000000000003 17.259999999999998 1.58
   6.909999999999999]
  [-9.21 8.83 -5.870000000000001 18.759999999999998 1.4500000000000002
   6.719999999999999]
  [-9.190000000000001 8.71 -7.500000000000001 19.919999999999998
   1.5300000000000002 6.499999999999999]
  [-10.57 6.720000000000001 -8.760000000000002 20.68 1.6700000000000004
   5.309999999999999]
  [-10.700000000000001 2.8100000000000005 -8.71 22.24 0.9100000000000004
   6.519999999999999]
  [-11.770000000000001 1.5100000000000005 -7.020000000000001 23.61
   -0.05999999999999961 7.679999999999999]
  [-12.000000000000002 1.3400000000000005 -6.690000000000001 24.45
   0.05000000000000039 8.249999999999998]
  [-12.070000000000002 1.6100000000000005 -6.670000000000002 25.2
   0.09000000000000039 8.899999999999999]
  [-10.550000000000002 2.2570000000000006 -6.7200000000000015 25.96
   0.12000000000000038 9.549999999999999]
  [-10.490000000000002 2.2470000000000008 -6.740000000000001 26.71
   0.17000000000000037 10.2]
  [-10.530000000000001 2.2970000000000006 -6.750000000000001 27.46
   0.19000000000000036 10.879999999999999]
  [-10.57 2.3470000000000004 -6.760000000000001 28.21
   0.21000000000000035 11.559999999999999]]

 [[-0.04 0.03 0.02 0.77 0.04 0.64]
  [0 0.06 0.03 1.5 0.14 1.4]
  [0.07 -0.020000000000000004 0.08 2.3 0.18000000000000002 2.17]
  [0.05 -0.79 0.46 3 0.19000000000000003 2.92]
  [-0.26 -2.29 1.88 3.86 0.48 3.62]
  [-1.06 -6.41 4.199999999999999 5.38 0.48 4.15]
  [-2.8600000000000003 -11.04 6.989999999999999 6.67 1.0899999999999999
   5.0600000000000005]
  [-4.45 -14.18 8.219999999999999 8.879999999999999 0.8199999999999998
   5.8500000000000005]
  [-5.87 -14.62 7.389999999999999 9.129999999999999 1.1199999999999999
   6.170000000000001]
  [-5.8100000000000005 -11.52 6.089999999999999 9.989999999999998 1.14
   6.530000000000001]
  [-5.62 -8.02 4.059999999999999 11.069999999999999 1.22
   6.870000000000001]
  [-5.1 -3.6799999999999997 1.9399999999999986 12.489999999999998 1.48
   7.380000000000001]
  [-4.949999999999999 0.41999999999999993 -1.3000000000000016
   14.069999999999999 1.73 7.9]
  [-4.879999999999999 4.09 -4.620000000000001 15.739999999999998 1.8
   8.280000000000001]
  [-4.589999999999999 6.6 -7.770000000000001 17.099999999999998 1.69
   8.030000000000001]
  [-4.199999999999999 8.07 -8.810000000000002 18.409999999999997
   1.2999999999999998 7.560000000000001]
  [-4.539999999999999 8.17 -7.440000000000002 18.969999999999995
   0.7599999999999998 9.48]
  [-6.559999999999999 4.34 -6.790000000000002 19.919999999999995
   1.0199999999999998 10.05]
  [-6.399999999999999 2.15 -6.280000000000002 20.619999999999994
   1.4899999999999998 10.63]
  [-6.689999999999999 2 -6.200000000000002 21.409999999999993
   1.5799999999999998 11.23]
  [-6.659999999999998 1.93 -6.260000000000002 22.199999999999992
   1.6199999999999999 11.860000000000001]
  [-6.659999999999998 1.98 -6.290000000000002 22.979999999999993 1.68
   12.48]
  [-6.649999999999999 1.94 -6.240000000000002 23.759999999999994 1.73
   13.09]
  [-6.639999999999999 1.9 -6.190000000000002 24.539999999999996 1.78
   13.7]
  [-6.629999999999999 1.8599999999999999 -6.140000000000002
   25.319999999999997 1.83 14.309999999999999]]

 [[-0.02 0.04 0.06 0.77 0.02 0.64]
  [-0.1 0.21000000000000002 0.08 1.54 0.04 1.3]
  [-0.14 0.28 0.14 2.29 0.1 1.9700000000000002]
  [-0.25 0.17000000000000004 0.42000000000000004 3.04
   0.15000000000000002 2.74]
  [-0.6599999999999999 -0.3999999999999999 1.31 3.75 0.2 3.56]
  [-1.5299999999999998 -2.5 3.6 4.84 0.34 4.37]
  [-3.2299999999999995 -7.23 6.48 7.07 0.53 5.21]
  [-3.5799999999999996 -12.08 10.190000000000001 9.48 -0.12 5.14]
  [-5.629999999999999 -15.94 8.560000000000002 9.870000000000001 0.2
   5.51]
  [-6.539999999999999 -14.129999999999999 6.200000000000003 10.48 0.1
   5.93]
  [-7.02 -11.469999999999999 3.9800000000000026 11.24
   -0.07999999999999999 6.359999999999999]
  [-6.63 -7.449999999999999 2.2700000000000027 12.46
   -0.03999999999999999 6.949999999999999]
  [-6.66 -3.369999999999999 -0.2399999999999971 13.9 0.06000000000000002
   7.589999999999999]
  [-6.57 0.9000000000000004 -3.089999999999997 15.43 0.15000000000000002
   8.18]
  [-6.87 4.16 -6.239999999999997 16.66 0.04000000000000002 8.26]
  [-7.2 6.73 -8.319999999999997 17.98 0.08000000000000002 7.88]
  [-6.49 6.800000000000001 -7.949999999999997 18.62 0.53 6.89]
  [-7.390000000000001 5.15 -7.939999999999997 20.36 -0.35 8.18]
  [-7.840000000000001 0.9400000000000004 -6.209999999999997 21.8
   0.10000000000000003 8.48]
  [-8.55 -1.4799999999999995 -5.689999999999998 22.71
   0.15000000000000002 9.09]
  [-8.760000000000002 -1.8499999999999996 -5.609999999999998 23.53
   0.16000000000000003 9.73]
  [-8.780000000000001 -1.9899999999999998 -5.629999999999997 24.32
   0.17000000000000004 10.34]
  [-8.750000000000002 -2.11 -5.609999999999998 25.11 0.24000000000000005
   10.94]
  [-8.720000000000002 -2.23 -5.589999999999998 25.9 0.31000000000000005
   11.54]
  [-8.690000000000003 -2.35 -5.5699999999999985 26.689999999999998
   0.38000000000000006 12.139999999999999]]

 [[-0.01 -0.09 0.1 0.8 0.02 0.6]
  [0.060000000000000005 -0.4 0.21000000000000002 1.61
   0.13999999999999999 1.1600000000000001]
  [0.19 -0.72 0.23 2.43 0.13999999999999999 1.7600000000000002]
  [0.14 -0.9299999999999999 0.29000000000000004 3.25 0.26
   2.4000000000000004]
  [-0.06999999999999998 -1.58 0.7 4 0.36 3.12]
  [-0.52 -3.17 1.89 4.84 0.58 3.81]
  [-1.47 -7.6899999999999995 4.63 6.59 0.6599999999999999 4.38]
  [-3.6799999999999997 -13.12 7.16 7.08 1.47 5.7]
  [-6.24 -15.66 7.76 8.23 1.7 6.49]
  [-7 -13.48 7.77 8.610000000000001 2.13 6.79]
  [-7.04 -9.600000000000001 7.359999999999999 9.450000000000001 2.42
   7.07]
  [-6.73 -4.980000000000001 5.409999999999999 10.770000000000001 2.8
   7.3500000000000005]
  [-6.58 0.049999999999998934 2.329999999999999 12.520000000000001
   3.1599999999999997 7.86]
  [-7.3 4.739999999999999 -1.3400000000000007 14.240000000000002
   3.3899999999999997 8.41]
  [-8.05 8.919999999999998 -5.270000000000001 15.790000000000003
   3.4999999999999996 8.76]
  [-8.870000000000001 12.049999999999997 -8.650000000000002
   17.000000000000004 3.3499999999999996 8.41]
  [-8.97 13.609999999999998 -10.330000000000002 18.120000000000005
   3.4599999999999995 8.370000000000001]
  [-9.93 13.069999999999997 -11.780000000000001 17.830000000000005
   3.4799999999999995 10.22]
  [-11.01 8.429999999999996 -11.260000000000002 18.820000000000004 4.05
   10.73]
  [-10.36 5.559999999999996 -9.89 19.940000000000005 3.5599999999999996
   11.780000000000001]
  [-11.27 4.569999999999996 -9.68 20.780000000000005 3.5399999999999996
   12.420000000000002]
  [-11.27 4.349999999999996 -9.719999999999999 21.580000000000005
   3.5899999999999994 13.030000000000001]
  [-11.26 4.309999999999996 -9.759999999999998 22.370000000000005
   3.6299999999999994 13.63]
  [-11.24 4.259999999999996 -9.739999999999998 23.170000000000005
   3.7099999999999995 14.23]
  [-11.28 4.149999999999996 -9.629999999999999 23.970000000000006
   3.7899999999999996 14.81]]

 [[0.06 -0.13 0.11 0.81 0.07 0.58]
  [0.14 -0.15 0.14 1.61 0.1 1.23]
  [0.010000000000000009 -0.19 0.29000000000000004 2.4000000000000004
   0.16 1.93]
  [-0.18 -0.8899999999999999 0.86 3.0900000000000003 0.21000000000000002
   2.6799999999999997]
  [-0.71 -2.8 2.84 4.180000000000001 0.43000000000000005 3.34]
  [-2.0999999999999996 -7.2299999999999995 5.74 6.030000000000001 0.54
   3.9]
  [-4.06 -11.6 9.02 4.620000000000001 1.4 4.17]
  [-7.52 -14.629999999999999 8.48 5.1800000000000015 1.7599999999999998
   4.64]
  [-8.51 -12.19 7.880000000000001 5.830000000000002 1.9899999999999998
   4.9799999999999995]
  [-9.35 -8.92 6.5600000000000005 6.880000000000002 2.1799999999999997
   5.329999999999999]
  [-9.48 -4.38 4.66 8.080000000000002 2.55 5.699999999999999]
  [-9.51 0.1200000000000001 1.5300000000000002 9.610000000000001 2.94
   6.2299999999999995]
  [-9.77 4.45 -2.5699999999999994 11.240000000000002 3.08
   6.779999999999999]
  [-10.27 7.98 -6.489999999999999 12.760000000000002 3.0100000000000002
   6.579999999999999]
  [-11.399999999999999 10.49 -8.98 14.100000000000001 2.8600000000000003
   5.8999999999999995]
  [-11.329999999999998 10.47 -8.3 15.71 2.91 7.619999999999999]
  [-12.109999999999998 6.330000000000001 -7.700000000000001 16.48 3.46
   8.09]
  [-11.829999999999998 4.210000000000001 -6.830000000000001 17.45 3.42
   8.84]
  [-12.229999999999999 3.440000000000001 -6.730000000000001 18.23
   3.4499999999999997 9.459999999999999]
  [-12.249999999999998 3.520000000000001 -6.790000000000001 19.03
   3.4899999999999998 10.069999999999999]
  [-12.249999999999998 3.5900000000000007 -6.840000000000001 19.82
   3.5399999999999996 10.679999999999998]
  [-12.289999999999997 3.6400000000000006 -6.830000000000001 20.6
   3.5899999999999994 11.279999999999998]
  [-12.319999999999997 3.7400000000000007 -6.820000000000001
   21.380000000000003 3.6299999999999994 11.879999999999997]
  [-12.349999999999996 3.8400000000000007 -6.810000000000001
   22.160000000000004 3.6699999999999995 12.479999999999997]
  [-12.379999999999995 3.940000000000001 -6.800000000000002
   22.940000000000005 3.7099999999999995 13.079999999999997]]

 [[-0.04 0.17 0.01 0.78 0.01 0.62]
  [-0.12 0.43000000000000005 0.03 1.54 0.02 1.31]
  [-0.13 0.6000000000000001 0.06 2.31 0.05 2.0300000000000002]
  [-0.19 0.3800000000000001 0.44 3.06 0.060000000000000005 2.75]
  [-0.52 -0.46999999999999986 1.5699999999999998 3.7800000000000002 0.24
   3.54]
  [-1.27 -2.96 4.13 5.45 0.33999999999999997 4.29]
  [-3.45 -7.34 7.5600000000000005 7.53 0.49 5.0600000000000005]
  [-5.87 -10.62 10.46 9.57 -0.19000000000000006 6.08]
  [-11 -11.84 8.88 9.950000000000001 0.12999999999999995 6.45]
  [-12.89 -8.68 7.890000000000001 10.81 0.30999999999999994 6.84]
  [-14.08 -4.93 6.380000000000001 11.83 0.58 7.14]
  [-14.34 -0.1299999999999999 3.940000000000001 13.26 1.03
   7.529999999999999]
  [-14.77 4.33 -0.04999999999999938 14.969999999999999 1.4 8.01]
  [-15.53 8.57 -4.49 16.599999999999998 1.5999999999999999 8.48]
  [-16.24 11.76 -7.67 18.15 1.3299999999999998 8.08]
  [-16.259999999999998 13.9 -8.56 19.81 1.2399999999999998 7.68]
  [-16.02 13.22 -8.64 21.74 0.5099999999999998 8.83]
  [-16.99 8.830000000000002 -8.13 22.36 1.5499999999999998 9.13]
  [-16.599999999999998 6.920000000000002 -7.440000000000001 23.12 2.03
   9.64]
  [-16.729999999999997 6.440000000000001 -7.240000000000001 23.91
   2.0599999999999996 10.280000000000001]
  [-16.9 6.900000000000001 -7.200000000000001 24.7 2.05
   10.950000000000001]
  [-17.04 7.230000000000001 -7.230000000000001 25.46 2.0999999999999996
   11.590000000000002]
  [-17.15 7.300000000000002 -7.260000000000002 26.21 2.1199999999999997
   12.260000000000002]
  [-17.139999999999997 7.290000000000002 -7.280000000000001
   26.970000000000002 2.1499999999999995 12.900000000000002]
  [-17.129999999999995 7.280000000000002 -7.300000000000001
   27.730000000000004 2.1799999999999993 13.540000000000003]]

 [[0.06 -0.16 -0.04 0.77 0.01 0.64]
  [0.1 -0.25 0 1.54 0.08 1.33]
  [0.11 -0.48 0.26 2.31 0.12 2.1]
  [-0.12000000000000001 -1.23 1.45 3.04 0.36 2.89]
  [-1 -3.71 4.34 4.58 0.29 3.6100000000000003]
  [-3.44 -8.2 7.72 6.5600000000000005 0.43999999999999995
   4.300000000000001]
  [-5.37 -11.969999999999999 12.07 8.780000000000001
   -0.20000000000000007 4.880000000000001]
  [-10.59 -14.209999999999999 10.02 9.440000000000001
   -0.010000000000000064 5.210000000000001]
  [-12.03 -10.62 8.59 10.14 0.009999999999999936 5.490000000000001]
  [-12.52 -6.889999999999999 7.08 11.110000000000001 0.09999999999999994
   5.780000000000001]
  [-12.129999999999999 -2.579999999999999 4.859999999999999 12.46
   0.4099999999999999 6.1400000000000015]
  [-12.209999999999999 1.5300000000000011 1.3599999999999994 13.84
   0.6699999999999999 6.610000000000001]
  [-12.37 5.070000000000001 -2.6100000000000008 15.379999999999999
   0.7699999999999999 7.170000000000002]
  [-12.52 7.800000000000001 -5.890000000000001 16.669999999999998
   0.6499999999999999 7.320000000000002]
  [-12.19 9.860000000000001 -7.6000000000000005 17.95 0.3999999999999999
   6.980000000000002]
  [-11.68 10.180000000000001 -5.090000000000001 17.72
   -0.1200000000000001 7.810000000000002]
  [-14.39 7.3900000000000015 -3.660000000000001 19.369999999999997
   -0.4500000000000001 8.620000000000003]
  [-14.75 4.830000000000002 -2.2700000000000014 21.189999999999998
   -1.7800000000000002 9.630000000000003]
  [-15.42 3.910000000000002 -2.0800000000000014 22.04
   -1.8100000000000003 10.260000000000003]
  [-15.63 3.870000000000002 -2.0500000000000016 22.82
   -1.8300000000000003 10.920000000000003]
  [-15.75 4.080000000000002 -2.0700000000000016 23.6 -1.8100000000000003
   11.550000000000004]
  [-15.74 4.1800000000000015 -2.0900000000000016 24.380000000000003
   -1.7800000000000002 12.180000000000005]
  [-15.74 4.200000000000001 -2.0900000000000016 25.140000000000004
   -1.7500000000000002 12.860000000000005]
  [-15.74 4.220000000000001 -2.0900000000000016 25.900000000000006
   -1.7200000000000002 13.540000000000004]
  [-15.74 4.24 -2.0900000000000016 26.660000000000007
   -1.6900000000000002 14.220000000000004]]

 [[0.05 -0.22 0.03 0.79 0.02 0.59]
  [0.020000000000000004 -0.56 0.13 1.59 0.06 1.21]
  [-0.05 -0.9000000000000001 0.39 2.38 0.09 1.88]
  [-0.27 -1.6600000000000001 1.1600000000000001 3.1399999999999997 0.13
   2.62]
  [-0.93 -3.6100000000000003 3.45 4.25 0.17 3.43]
  [-2.68 -8.190000000000001 6.28 6.24 0.23 4.0600000000000005]
  [-3.9000000000000004 -13.91 10.350000000000001 3.8800000000000003 1.32
   4.03]
  [-5.800000000000001 -17.490000000000002 8.920000000000002 4.45 1.75
   4.390000000000001]
  [-6.300000000000001 -14.750000000000002 7.450000000000002 5.05 1.7
   4.790000000000001]
  [-6.69 -11.470000000000002 5.400000000000002 5.85 1.65
   5.160000000000001]
  [-5.180000000000001 -7.110000000000002 3.200000000000002
   7.039999999999999 1.63 5.670000000000001]
  [-3.7800000000000007 -2.570000000000002 0.06000000000000183 8.61
   1.5999999999999999 6.360000000000001]
  [-2.9900000000000007 1.8499999999999979 -3.359999999999998 10.62
   1.5899999999999999 6.900000000000001]
  [-2.7900000000000005 5.859999999999998 -5.999999999999998
   12.399999999999999 1.13 6.260000000000002]
  [-2.2000000000000006 8.039999999999997 -6.0699999999999985
   13.379999999999999 1.0499999999999998 5.040000000000002]
  [-2.6600000000000006 6.079999999999997 -5.189999999999999
   14.879999999999999 0.2799999999999998 6.000000000000002]
  [-3.8400000000000007 1.889999999999997 -4.589999999999999 16.57
   1.6999999999999997 6.690000000000001]
  [-4.0600000000000005 -0.380000000000003 -4.369999999999999 17.35
   1.5999999999999996 7.410000000000001]
  [-4.2 -0.10000000000000298 -4.319999999999999 18.150000000000002
   1.5999999999999996 8.040000000000001]
  [-4.16 -0.240000000000003 -4.329999999999999 18.94 1.5999999999999996
   8.64]
  [-4.25 -0.180000000000003 -4.319999999999999 19.73 1.6299999999999997
   9.25]
  [-4.3 -0.060000000000002995 -4.319999999999999 20.5 1.6599999999999997
   9.88]
  [-4.35 0.059999999999997 -4.319999999999999 21.27 1.6899999999999997
   10.510000000000002]
  [-4.3999999999999995 0.179999999999997 -4.319999999999999 22.04
   1.7199999999999998 11.140000000000002]
  [-4.449999999999999 0.299999999999997 -4.319999999999999 22.81
   1.7499999999999998 11.770000000000003]]

 [[-0.03 0.18 0.01 0.77 0.01 0.67]
  [-0.12 0.46 0.03 1.53 0.04 1.33]
  [-0.09999999999999999 0.53 0.08 2.3 0.07 2.09]
  [-0.12 0.26 0.34 3.04 0.1 2.8499999999999996]
  [-0.36 -0.98 1.26 3.7 0.13 3.7099999999999995]
  [-1.0499999999999998 -3.54 3.5999999999999996 5.16 0.26 4.31]
  [-2.9499999999999997 -8.280000000000001 6.32 7.04 0.3
   4.949999999999999]
  [-5.02 -12.810000000000002 10.57 5.5600000000000005 1.45
   3.7799999999999994]
  [-8.719999999999999 -15.800000000000002 9.530000000000001
   6.340000000000001 1.78 4.249999999999999]
  [-9.399999999999999 -12.730000000000002 8.940000000000001
   7.090000000000001 1.8800000000000001 4.619999999999999]
  [-9.959999999999999 -9.070000000000002 7.620000000000001
   7.930000000000001 2.0900000000000003 4.909999999999999]
  [-9.35 -4.500000000000002 5.610000000000001 9.34 2.43
   5.299999999999999]
  [-8.889999999999999 -0.1700000000000017 2.2900000000000014 10.86 2.75
   5.799999999999999]
  [-8.899999999999999 3.929999999999998 -1.7499999999999987
   12.549999999999999 2.98 6.389999999999999]
  [-9.019999999999998 6.999999999999998 -5.589999999999998 14.12 2.91
   6.449999999999998]
  [-8.869999999999997 9.109999999999998 -8.229999999999999
   15.549999999999999 2.69 5.759999999999998]
  [-7.999999999999997 9.269999999999998 -6.919999999999998 15.1 2.06
   6.249999999999998]
  [-11.799999999999997 7.309999999999998 -6.119999999999998 16.28
   1.6600000000000001 7.129999999999998]
  [-11.569999999999997 4.119999999999997 -4.419999999999998 17.55
   0.9000000000000001 8.209999999999997]
  [-12.699999999999996 3.1099999999999977 -4.289999999999998 18.37
   0.9600000000000002 8.779999999999998]
  [-12.699999999999996 3.1699999999999977 -4.289999999999998 19.16
   0.9800000000000002 9.389999999999997]
  [-12.749999999999996 3.3599999999999977 -4.3199999999999985 19.94
   1.0200000000000002 10.009999999999996]
  [-12.729999999999997 3.349999999999998 -4.339999999999998
   20.720000000000002 1.0400000000000003 10.619999999999996]
  [-12.729999999999997 3.369999999999998 -4.339999999999998
   21.490000000000002 1.0500000000000003 11.269999999999996]
  [-12.729999999999997 3.389999999999998 -4.339999999999998 22.26
   1.0600000000000003 11.919999999999996]]

 [[0 0.01 -0.01 0.79 0.02 0.63]
  [-0.01 -0.13999999999999999 0.049999999999999996 1.58 0.06
   1.3199999999999998]
  [-0.12 -0.29 0.36 2.34 0.08 2.07]
  [-0.47 -1.1 1.3900000000000001 3.05 0.2 2.8499999999999996]
  [-1.15 -3.66 4.01 4.09 0.39 3.55]
  [-3.1999999999999997 -8.41 7.23 6.32 0.43 4.2299999999999995]
  [-4.79 -13.27 11.55 9.33 -0.13999999999999996 4.039999999999999]
  [-8.51 -17.13 10.120000000000001 9.790000000000001 0.14000000000000007
   4.3999999999999995]
  [-8.94 -14.28 8.690000000000001 10.530000000000001 0.17000000000000007
   4.779999999999999]
  [-8.79 -11.01 6.590000000000002 11.410000000000002 0.17000000000000007
   5.199999999999999]
  [-7.529999999999999 -6.79 4.370000000000001 12.630000000000003
   0.24000000000000007 5.7299999999999995]
  [-6.4799999999999995 -2.49 1.240000000000001 14.310000000000002
   0.26000000000000006 6.3999999999999995]
  [-5.529999999999999 1.54 -2.1199999999999988 15.920000000000002
   0.16000000000000006 6.89]
  [-4.359999999999999 4.859999999999999 -4.849999999999999
   17.560000000000002 -0.11999999999999997 6.51]
  [-2.869999999999999 6.51 -5.349999999999999 18.78 0.17 5.22]
  [-4.43 5.29 -5.329999999999999 20.700000000000003 -1.27 5.97]
  [-6.18 0.4800000000000004 -3.2199999999999993 22.01 0.1499999999999999
   5.6499999999999995]
  [-6.56 -1.9599999999999995 -3.0499999999999994 22.82
   0.1499999999999999 6.31]
  [-6.819999999999999 -1.8399999999999994 -2.9399999999999995 23.61
   0.1399999999999999 6.949999999999999]
  [-6.949999999999999 -1.8099999999999994 -2.9699999999999993 24.38
   0.1499999999999999 7.6]
  [-7.069999999999999 -1.7299999999999993 -2.979999999999999
   25.119999999999997 0.2399999999999999 8.36]
  [-7.1899999999999995 -1.6499999999999992 -2.989999999999999
   25.859999999999996 0.3299999999999999 9.12]
  [-7.31 -1.5699999999999992 -2.9999999999999987 26.599999999999994
   0.41999999999999993 9.879999999999999]
  [-7.43 -1.489999999999999 -3.0099999999999985 27.339999999999993
   0.5099999999999999 10.639999999999999]
  [-7.55 -1.409999999999999 -3.0199999999999982 28.07999999999999
   0.5999999999999999 11.399999999999999]]

 [[-0.21 0.17 0.12 0.77 0.02 0.68]
  [-0.37 -0.17999999999999997 0.3 1.53 0 1.3]
  [-0.54 -0.6499999999999999 0.49 2.31 0.02 1.9100000000000001]
  [-0.68 -1.18 0.9299999999999999 3.06 -0.030000000000000002 2.64]
  [-1.11 -2.2 2.11 3.8200000000000003 0.06 3.34]
  [-1.96 -5.1 4.869999999999999 5.85 -0.21000000000000002
   4.109999999999999]
  [-4.24 -10.44 8.299999999999999 8.01 0.07 5.029999999999999]
  [-5.58 -14.52 9.569999999999999 10.629999999999999 -0.45
   5.949999999999999]
  [-7.88 -14.73 7.7799999999999985 10.86 -0.27 6.209999999999999]
  [-8.68 -11.120000000000001 6.309999999999999 11.74
   -0.41000000000000003 6.529999999999999]
  [-8.27 -7.6800000000000015 4.279999999999999 12.66
   -0.36000000000000004 6.789999999999999]
  [-7.119999999999999 -3.2700000000000014 2.1399999999999992 14.13
   -0.21000000000000005 7.249999999999999]
  [-6.7299999999999995 0.5899999999999985 -1.330000000000001 15.55
   -0.06000000000000005 7.779999999999999]
  [-6.52 4.339999999999998 -5.020000000000001 17.43 -0.04000000000000005
   8.32]
  [-6.079999999999999 7.019999999999998 -8.080000000000002 18.97 -0.33
   8.17]
  [-5.579999999999999 8.879999999999997 -9.670000000000002 20.13 -0.62
   7.31]
  [-5.829999999999999 7.719999999999997 -8.840000000000002
   21.619999999999997 -1.4300000000000002 8.139999999999999]
  [-7.229999999999999 3.389999999999997 -8.030000000000001 23.15
   -0.06000000000000005 8.77]
  [-7.219999999999999 0.889999999999997 -7.420000000000001 24.22 -0.66
   9.75]
  [-7.369999999999999 0.919999999999997 -7.300000000000001
   25.029999999999998 -0.6000000000000001 10.34]
  [-7.31 0.779999999999997 -7.330000000000001 25.83 -0.5800000000000001
   10.97]
  [-7.42 0.929999999999997 -7.360000000000001 26.61 -0.54 11.58]
  [-7.52 1.0299999999999971 -7.350000000000001 27.38 -0.5 12.21]
  [-7.569999999999999 1.1299999999999972 -7.330000000000002 28.15 -0.48
   12.850000000000001]
  [-7.619999999999999 1.2299999999999973 -7.310000000000002
   28.919999999999998 -0.45999999999999996 13.490000000000002]]

 [[-0.09 0.17 0 0.76 0.03 0.63]
  [-0.09999999999999999 0.32 0.02 1.51 0.06 1.35]
  [-0.21 0.31 0.21 2.2800000000000002 0.08 2.1100000000000003]
  [-0.43 -0.41 0.9199999999999999 2.9600000000000004 0.18 2.95]
  [-1 -2.21 3.01 3.8100000000000005 0.3 3.68]
  [-2.77 -6.4 5.6899999999999995 5.460000000000001 0.31
   4.3100000000000005]
  [-4.63 -11.65 9.2 5.910000000000001 1.3900000000000001 5.48]
  [-6.29 -14.52 8.209999999999999 7.010000000000002 1.7400000000000002
   6.08]
  [-6.96 -12.67 6.739999999999999 7.370000000000002 1.8500000000000003
   6.4]
  [-7.68 -9.1 5.039999999999999 8.220000000000002 1.9000000000000004 6.7]
  [-6.609999999999999 -5.42 2.769999999999999 9.250000000000002
   2.0300000000000002 7]
  [-5.2299999999999995 -1.13 -0.05000000000000071 10.900000000000002
   2.18 7.55]
  [-4.38 2.5300000000000002 -4.390000000000001 12.470000000000002 2.33
   8.129999999999999]
  [-4.13 6.03 -8.43 14.390000000000002 2.29 8.479999999999999]
  [-3.77 8.530000000000001 -11.53 15.650000000000002 1.9300000000000002
   8.03]
  [-3.88 9.540000000000001 -12.1 16.67 2.0100000000000002 8.1]
  [-4.84 8.440000000000001 -11.52 17.450000000000003 1.3400000000000003
   9.08]
  [-7.64 4.800000000000001 -10.19 18.470000000000002 1.8500000000000003
   9.620000000000001]
  [-7.6 1.8300000000000005 -9.41 19.19 2.2900000000000005
   10.190000000000001]
  [-7.9799999999999995 1.4800000000000004 -9.31 19.990000000000002
   2.2900000000000005 10.790000000000001]
  [-7.97 1.6800000000000004 -9.360000000000001 20.770000000000003
   2.3000000000000003 11.430000000000001]
  [-7.96 1.8000000000000003 -9.410000000000002 21.540000000000003
   2.3400000000000003 12.040000000000001]
  [-7.95 1.7900000000000003 -9.420000000000002 22.310000000000002 2.37
   12.670000000000002]
  [-7.97 1.8600000000000003 -9.420000000000002 23.080000000000002 2.4
   13.290000000000001]
  [-7.989999999999999 1.9300000000000004 -9.420000000000002 23.85
   2.4299999999999997 13.91]]

 [[0 0.09 0 0.76 0.01 0.66]
  [-0.06 0.35 0.01 1.5 0.03 1.32]
  [0.010000000000000009 0.43999999999999995 0.11 2.25 0.05 2.01]
  [-0.07999999999999999 0.6299999999999999 0.31 3.0300000000000002
   0.12000000000000001 2.76]
  [-0.3 0.3399999999999999 0.69 3.75 0.13 3.5999999999999996]
  [-0.8200000000000001 -0.8 2.02 4.5 0.30000000000000004 4.39]
  [-2.08 -3.6100000000000003 4.5 5.79 0.20000000000000004 5.05]
  [-4.140000000000001 -7.51 8.47 6.7 0.8400000000000001
   5.8999999999999995]
  [-6.300000000000001 -10.04 6.9 7.85 1.21 6.51]
  [-7.82 -9.79 4.0200000000000005 8.209999999999999 1.05 6.88]
  [-8.97 -7.01 1.3300000000000005 8.68 0.9 7.12]
  [-8.9 -3.7199999999999998 -1.3099999999999996 10.02 0.66 7.37]
  [-8.450000000000001 0.2200000000000002 -3.7299999999999995
   11.629999999999999 0.35000000000000003 7.24]
  [-9.340000000000002 3.7600000000000002 -5.359999999999999 13.2
   -0.03999999999999998 6.99]
  [-9.990000000000002 4.41 -5.369999999999999 14.93 -1.31 6.82]
  [-10.930000000000001 3.63 -5.319999999999999 15.74 -1.23
   7.430000000000001]
  [-10.900000000000002 3.4299999999999997 -5.35 16.54 -1.22
   8.020000000000001]
  [-10.850000000000001 3.4799999999999995 -5.33 17.33 -1.2
   8.620000000000001]
  [-10.790000000000001 3.5199999999999996 -5.33 18.11 -1.2
   9.260000000000002]
  [-10.790000000000001 3.6099999999999994 -5.34 18.89 -1.19
   9.890000000000002]
  [-10.73 3.5999999999999996 -5.35 19.67 -1.18 10.510000000000002]
  [-10.71 3.6499999999999995 -5.359999999999999 20.450000000000003 -1.18
   11.140000000000002]
  [-10.63 3.6399999999999997 -5.369999999999999 21.230000000000004 -1.16
   11.770000000000003]
  [-10.55 3.61 -5.389999999999999 22.000000000000004 -1.15
   12.400000000000004]
  [-10.46 3.55 -5.399999999999999 22.780000000000005 -1.14
   13.020000000000003]]

 [[0.02 -0.06 -0.01 0.79 0.06 0.59]
  [-0.009999999999999998 -0.09 -0.01 1.58 0.12 1.19]
  [-0.11 -0.12 0.01 2.38 0.18 1.7799999999999998]
  [-0.27 -0.06999999999999999 0.03 3.19 0.22999999999999998
   2.4099999999999997]
  [-0.1 -0.63 0.06 3.9299999999999997 0.32999999999999996
   3.1499999999999995]
  [0.01999999999999999 -2.31 0.36 4.72 0.41 3.8799999999999994]
  [-0.84 -5.63 1.6800000000000002 5.5 0.62 4.499999999999999]
  [-2.63 -10.92 4.1899999999999995 7.16 0.89 5.169999999999999]
  [-2.6799999999999997 -15.24 6.85 9.09 1.18 6.219999999999999]
  [-2.38 -17.86 8.379999999999999 10.969999999999999 0.97
   6.899999999999999]
  [-1.75 -14.809999999999999 5.85 11.12 1.06 7.3599999999999985]
  [-0.15999999999999992 -11.659999999999998 2.9999999999999996
   11.819999999999999 0.55 8.12]
  [2.1799999999999997 -6.949999999999998 0.6599999999999997 12.7 -0.25
   9.059999999999999]
  [4.709999999999999 -1.5999999999999988 -0.17000000000000026 14.1 -0.98
   10.02]
  [8.86 2.570000000000001 -0.6000000000000003 16.03 -2.1 10.6]
  [13.48 5.280000000000001 0.8399999999999996 17.8 -3.3600000000000003
   9.809999999999999]
  [11.49 3.990000000000001 5.49 17.990000000000002 -3.5300000000000002
   9.52]
  [10.09 1.740000000000001 6.66 19.740000000000002 -4.58
   10.559999999999999]
  [9.28 0.30000000000000115 7.8 21.660000000000004 -5.8100000000000005
   10.95]
  [8.95 0.35000000000000114 7.9399999999999995 22.480000000000004
   -5.880000000000001 11.62]
  [9.01 0.19000000000000114 7.959999999999999 23.270000000000003
   -5.860000000000001 12.229999999999999]
  [9.129999999999999 -0.03999999999999887 7.979999999999999
   24.070000000000004 -5.850000000000001 12.849999999999998]
  [9.229999999999999 -0.22999999999999887 8.009999999999998
   24.870000000000005 -5.820000000000001 13.449999999999998]
  [9.329999999999998 -0.4199999999999989 8.039999999999997
   25.670000000000005 -5.790000000000001 14.049999999999997]
  [9.429999999999998 -0.6099999999999989 8.069999999999997
   26.470000000000006 -5.760000000000001 14.649999999999997]]

 [[0.01 -0.03 0.04 0.8 0.03 0.6]
  [-0.07 0.04000000000000001 0.08 1.6 0.07 1.19]
  [-0.23 -0.06999999999999999 0.03 2.39 0.04000000000000001 1.88]
  [-0.63 -0.88 0.11 3.17 0.1 2.58]
  [-1.4300000000000002 -3.4699999999999998 0.78 3.92 0.07 3.33]
  [-2.81 -9.719999999999999 3.16 5.08 0.22 4.05]
  [-2.38 -16.04 5.41 7.48 0.23 4.8999999999999995]
  [-1.68 -20.99 7.74 9.83 -0.12999999999999998 4.88]
  [-0.82 -18.419999999999998 4.95 10.05 -0.049999999999999975 5.47]
  [0.7200000000000001 -14.54 2.3800000000000003 10.67
   -0.9899999999999999 6.21]
  [3.4200000000000004 -9.79 0.9500000000000004 11.49 -1.73 6.98]
  [5.82 -4.52 -0.07999999999999963 12.82 -2.26 7.83]
  [8.2 -0.1299999999999999 -1.2899999999999996 14.46 -2.79 8.6]
  [12.209999999999999 2.8400000000000003 -2.8899999999999997
   16.700000000000003 -3.45 8.299999999999999]
  [13.209999999999999 3.3900000000000006 -2.2399999999999998
   17.890000000000004 -3.5300000000000002 6.579999999999999]
  [10.819999999999999 1.0200000000000005 0.4200000000000004
   18.640000000000004 -4.390000000000001 7.52]
  [10.439999999999998 -0.9999999999999996 1.5300000000000005
   19.720000000000006 -3.5700000000000007 7.88]
  [9.959999999999997 -0.2999999999999996 1.7800000000000005
   20.510000000000005 -3.5700000000000007 8.59]
  [10.049999999999997 -0.5399999999999996 1.8600000000000005
   21.290000000000006 -3.6000000000000005 9.24]
  [10.169999999999996 -0.7399999999999995 1.8600000000000005
   22.070000000000007 -3.5900000000000007 9.88]
  [10.269999999999996 -0.8399999999999995 1.8300000000000005
   22.860000000000007 -3.540000000000001 10.49]
  [10.369999999999996 -0.9399999999999995 1.8000000000000005
   23.650000000000006 -3.490000000000001 11.1]
  [10.469999999999995 -1.0399999999999996 1.7700000000000005
   24.440000000000005 -3.4400000000000013 11.709999999999999]
  [10.569999999999995 -1.1399999999999997 1.7400000000000004
   25.230000000000004 -3.3900000000000015 12.319999999999999]
  [10.669999999999995 -1.2399999999999998 1.7100000000000004
   26.020000000000003 -3.3400000000000016 12.929999999999998]]

 [[-0.02 -0.04 0.03 0.79 0.04 0.6]
  [-0.07 -0.06 0.06 1.57 0.1 1.21]
  [-0.19 -0.26 0.039999999999999994 2.37 0.13 1.85]
  [-0.42000000000000004 -1.04 0.009999999999999995 3.1500000000000004
   0.19 2.5700000000000003]
  [-1.01 -3.37 0.54 3.8600000000000003 0.24 3.3200000000000003]
  [-2.0300000000000002 -9.440000000000001 2.16 4.82 0.39 4.23]
  [-3.0600000000000005 -16.35 4.3100000000000005 7.5200000000000005 0.31
   5.090000000000001]
  [-3.2200000000000006 -20.68 5.720000000000001 5.08 1.57 6.15]
  [-2.3100000000000005 -18.47 5.290000000000001 5.640000000000001 1.69
   6.8100000000000005]
  [-1.0900000000000005 -14.509999999999998 3.870000000000001
   6.130000000000001 1.51 7.33]
  [1.2899999999999994 -9.599999999999998 2.0100000000000007
   6.860000000000001 0.95 7.96]
  [3.6099999999999994 -4.289999999999998 0.5200000000000007
   8.120000000000001 0.37 8.72]
  [5.129999999999999 1.2500000000000018 -1.0999999999999994 9.91 -0.12
   9.47]
  [7.0699999999999985 5.570000000000002 -2.3399999999999994 12.05 -0.67
   9.600000000000001]
  [9.799999999999999 6.690000000000002 -3.3399999999999994
   13.850000000000001 -1.19 8.180000000000001]
  [6.5699999999999985 5.080000000000002 -0.25999999999999934 14.64 0.96
   9.100000000000001]
  [6.0299999999999985 1.6200000000000019 0.9400000000000006 16.37 0.48
   9.910000000000002]
  [5.219999999999999 0.2600000000000018 2.4300000000000006 17.84 0.06
   10.350000000000001]
  [4.969999999999999 -0.06999999999999823 2.8400000000000007 18.69
   0.019999999999999997 11.010000000000002]
  [4.939999999999999 -0.07999999999999823 2.8700000000000006
   19.470000000000002 0.1 11.620000000000001]
  [4.919999999999999 -0.10999999999999822 2.8100000000000005
   20.270000000000003 0.14 12.22]
  [4.849999999999999 -0.05999999999999822 2.8200000000000003
   21.060000000000002 0.18000000000000002 12.82]
  [4.7799999999999985 -0.009999999999998219 2.83 21.85
   0.22000000000000003 13.42]
  [4.709999999999998 0.040000000000001784 2.84 22.64 0.26 14.02]
  [4.639999999999998 0.09000000000000179 2.8499999999999996 23.43 0.3
   14.62]]

 [[-0.12 -0.05 0 0.79 0 0.64]
  [-0.18 -0.45 0 1.59 0.03 1.28]
  [-0.4 -1.18 0.14 2.3600000000000003 0.06 1.9500000000000002]
  [-0.88 -3.1899999999999995 0.46 3.1300000000000003 0.1
   2.6500000000000004]
  [-1.9100000000000001 -8.77 2.13 4.15 0.33999999999999997
   3.5500000000000003]
  [-1.56 -15.01 4.1 6.6000000000000005 0.30999999999999994
   4.470000000000001]
  [0.8399999999999999 -19.35 7.43 8.950000000000001 -0.4700000000000001
   4.720000000000001]
  [3.5999999999999996 -17.96 4.859999999999999 9.05 -0.2900000000000001
   5.330000000000001]
  [5.59 -15.23 1.5399999999999996 9.59 -1.42 6.140000000000001]
  [10.280000000000001 -11.06 -0.2900000000000005 10.28 -2.36
   6.8500000000000005]
  [14.490000000000002 -6.5200000000000005 -0.8400000000000005
   11.639999999999999 -3.3899999999999997 7.800000000000001]
  [17.96 -1.79 -1.6800000000000006 13.129999999999999 -4.109999999999999
   8.780000000000001]
  [19.96 1.52 -1.2100000000000006 14.43 -4.879999999999999 9.22]
  [21.560000000000002 3.25 0.4499999999999993 15.629999999999999
   -5.369999999999999 8.99]
  [20.470000000000002 3.14 1.3099999999999992 16.93 -5.56 8.96]
  [18.910000000000004 1.9500000000000002 3.9899999999999993 17.41 -5.68
   9.82]
  [18.670000000000005 0.6000000000000001 4.609999999999999 18.34 -5.37
   10.49]
  [18.370000000000005 0.4800000000000001 4.949999999999999 19.1 -5.4
   11.21]
  [18.480000000000004 0.21000000000000008 4.959999999999999
   19.880000000000003 -5.37 11.850000000000001]
  [18.480000000000004 0.20000000000000007 4.969999999999999 20.67 -5.38
   12.47]
  [18.530000000000005 0.08000000000000007 4.979999999999999 21.46 -5.31
   13.05]
  [18.580000000000005 -0.039999999999999925 4.989999999999998 22.25
   -5.239999999999999 13.63]
  [18.630000000000006 -0.15999999999999992 4.999999999999998 23.04
   -5.169999999999999 14.21]
  [18.680000000000007 -0.2799999999999999 5.009999999999998 23.83
   -5.099999999999999 14.790000000000001]
  [18.730000000000008 -0.3999999999999999 5.019999999999998
   24.619999999999997 -5.0299999999999985 15.370000000000001]]

 [[-0.04 0.13 0.01 0.8 0.04 0.61]
  [-0.06 0.25 -0.01 1.59 0.07 1.22]
  [-0.13 0.32 0.019999999999999997 2.34 0.05 2]
  [-0.2 -0.71 0.049999999999999996 3.0999999999999996 0.11
   2.7199999999999998]
  [-0.73 -2.96 0.52 3.7899999999999996 0.15 3.4899999999999998]
  [-1.82 -8.67 2.1799999999999997 4.63 0.3 4.33]
  [-2.63 -15.379999999999999 4.1899999999999995 7 0.19 5.16]
  [-2.6 -20.49 6.109999999999999 8.120000000000001 0.24 5.32]
  [-1.08 -18.08 5.39 8.610000000000001 0.37 5.930000000000001]
  [0.8699999999999999 -14.179999999999998 3.3499999999999996
   9.120000000000001 -0.09000000000000002 6.48]
  [4.01 -9.739999999999998 1.7099999999999997 10.000000000000002 -0.72
   7.17]
  [7.39 -4.929999999999999 0.5299999999999998 11.21 -1.22
   7.9399999999999995]
  [10.73 -0.3899999999999988 -0.6600000000000001 12.9 -1.94 8.84]
  [13.540000000000001 3.2100000000000013 -0.6100000000000001
   14.700000000000001 -2.71 8.93]
  [15.57 4.030000000000001 -1.03 16.040000000000003 -3.39 8.03]
  [11.85 2.8100000000000014 2.96 16.950000000000003 -2.41 9.27]
  [11.12 -0.2699999999999987 4.07 18.500000000000004 -3.1500000000000004
   10.18]
  [10.469999999999999 -1.2799999999999987 4.95 19.750000000000004
   -3.8400000000000003 10.959999999999999]
  [10.259999999999998 -1.5099999999999987 5.16 20.560000000000002 -3.93
   11.639999999999999]
  [10.299999999999997 -1.5699999999999987 5.15 21.360000000000003
   -3.9000000000000004 12.229999999999999]
  [10.389999999999997 -1.7199999999999986 5.090000000000001
   22.140000000000004 -3.8900000000000006 12.849999999999998]
  [10.369999999999997 -1.6699999999999986 5.070000000000001
   22.920000000000005 -3.880000000000001 13.469999999999997]
  [10.349999999999998 -1.6199999999999986 5.050000000000002
   23.700000000000006 -3.870000000000001 14.089999999999996]
  [10.329999999999998 -1.5699999999999985 5.030000000000002
   24.480000000000008 -3.860000000000001 14.709999999999996]
  [10.309999999999999 -1.5199999999999985 5.0100000000000025
   25.26000000000001 -3.8500000000000014 15.329999999999995]]

 [[0 0 -0.03 0.78 0.03 0.62]
  [0.09 -0.07 -0.009999999999999998 1.54 0.07 1.3199999999999998]
  [0.03 -0.49 0.02 2.35 0.08 1.9899999999999998]
  [-0.1 -1.49 0.16999999999999998 3.12 0.1 2.6999999999999997]
  [-0.52 -3.6500000000000004 0.58 3.88 0.14 3.3999999999999995]
  [-1.3900000000000001 -8.83 1.87 4.82 0.16 4.249999999999999]
  [-1.4400000000000002 -15.530000000000001 3.1100000000000003 7.24
   -0.010000000000000009 5.039999999999999]
  [0.4999999999999998 -20.66 4.69 7.33 0.48 5.679999999999999]
  [4.08 -19.08 3.8600000000000003 7.7 0.79 6.189999999999999]
  [5.6 -16.099999999999998 1.2000000000000002 8.17 0.24
   6.8599999999999985]
  [9.41 -11.849999999999998 -0.8699999999999997 8.93 -0.67
   7.669999999999998]
  [13.48 -7.189999999999998 -1.4499999999999997 10.03 -1.54
   8.599999999999998]
  [17.73 -2.3999999999999977 -1.7999999999999998 11.54 -2.43
   9.559999999999999]
  [20.73 1.1200000000000023 -2.25 13.54 -3.1500000000000004
   9.809999999999999]
  [22.14 2.150000000000002 -1.95 15.11 -3.5600000000000005
   8.569999999999999]
  [19.67 0.040000000000002256 0.7300000000000002 16.189999999999998
   -4.050000000000001 9.759999999999998]
  [19.35 -1.8399999999999976 1.3400000000000003 17.15
   -3.8000000000000007 10.349999999999998]
  [18.94 -1.6799999999999977 1.7000000000000002 17.979999999999997
   -3.630000000000001 10.989999999999998]
  [18.98 -1.8099999999999978 1.7400000000000002 18.74 -3.630000000000001
   11.649999999999999]
  [19.02 -1.7999999999999978 1.7300000000000002 19.52 -3.620000000000001
   12.28]
  [19.12 -1.929999999999998 1.6800000000000002 20.29 -3.590000000000001
   12.899999999999999]
  [19.220000000000002 -2.059999999999998 1.6300000000000001 21.06
   -3.5600000000000014 13.519999999999998]
  [19.320000000000004 -2.1899999999999977 1.58 21.83 -3.5300000000000016
   14.139999999999997]
  [19.420000000000005 -2.3199999999999976 1.53 22.599999999999998
   -3.5000000000000018 14.759999999999996]
  [19.520000000000007 -2.4499999999999975 1.48 23.369999999999997
   -3.470000000000002 15.379999999999995]]

 [[0.1 -0.19 0 0.78 0.03 0.61]
  [0.1 -0.06 -0.02 1.57 0.05 1.23]
  [0.12000000000000001 0 0.009999999999999998 2.3600000000000003 0.08
   1.87]
  [-0.009999999999999995 -0.32 0.09 3.12 0.08 2.5500000000000003]
  [-0.18 -1.23 0.28 3.88 0.11 3.25]
  [-0.55 -3.2 0.46 4.65 0.05 3.9]
  [-1.09 -7.28 1.21 5.45 -0.039999999999999994 4.56]
  [-1.83 -14.43 1.5699999999999998 7.36 -0.21999999999999997 5.1]
  [-1.75 -18.89 1.8499999999999999 9.13 -0.14999999999999997
   6.119999999999999]
  [0.45999999999999996 -21.02 4.02 11.34 -0.29 6.499999999999999]
  [3.07 -16.96 3.4899999999999993 11.56 -0.14999999999999997
   6.889999999999999]
  [5 -12.900000000000002 1.8699999999999992 12.200000000000001 -0.54
   7.389999999999999]
  [7.6899999999999995 -8.290000000000003 0.23999999999999932
   13.100000000000001 -1.04 7.999999999999999]
  [10.17 -3.5600000000000023 -0.8200000000000007 14.410000000000002
   -1.57 8.85]
  [11.94 1.0299999999999976 -1.8400000000000007 16.270000000000003 -2.2
   9.61]
  [12.549999999999999 4.129999999999997 -2.8000000000000007 18.17
   -3.0700000000000003 9.1]
  [13.37 3.0799999999999974 -2.6600000000000006 19.64
   -3.3500000000000005 7.489999999999999]
  [12.35 0.0899999999999972 -1.9700000000000006 20.92
   -3.8200000000000003 8.34]
  [12.19 -2.470000000000003 -1.6200000000000006 23.17
   -2.5300000000000002 9.32]
  [11.799999999999999 -1.9500000000000028 -1.2200000000000006
   24.040000000000003 -2.6100000000000003 10.02]
  [11.87 -2.180000000000003 -1.1400000000000006 24.85
   -2.6300000000000003 10.65]
  [11.79 -2.0800000000000027 -1.1400000000000006 25.630000000000003
   -2.6200000000000006 11.27]
  [11.809999999999999 -2.0900000000000025 -1.1600000000000006
   26.410000000000004 -2.5900000000000007 11.879999999999999]
  [11.829999999999998 -2.1000000000000023 -1.1800000000000006
   27.190000000000005 -2.560000000000001 12.489999999999998]
  [11.849999999999998 -2.110000000000002 -1.2000000000000006
   27.970000000000006 -2.530000000000001 13.099999999999998]]

 [[0.05 -0.1 -0.03 0.78 0.01 0.63]
  [0.010000000000000002 -0.04000000000000001 -0.04 1.56
   0.060000000000000005 1.24]
  [-0.019999999999999997 0.06 -0.07 2.35 0.09 1.87]
  [-0.24 -0.13 -0.010000000000000009 3.12 0.13 2.62]
  [-0.7 -1.7200000000000002 0.53 3.8600000000000003 0.24
   3.3600000000000003]
  [-2.01 -5.76 2.1500000000000004 4.5200000000000005 0.38
   4.260000000000001]
  [-2.5 -13.19 4.290000000000001 6.2 0.28 5.000000000000001]
  [-2.57 -17.73 6.380000000000001 5.8100000000000005 0.65
   6.500000000000001]
  [0.17700000000000005 -19.514 4.155000000000001 6.44 0.98
   7.0600000000000005]
  [3.427 -19.134 3.085000000000001 6.760000000000001 0.6799999999999999
   7.640000000000001]
  [4.157 -16.864 -0.5749999999999993 7.420000000000001
   -0.3500000000000001 8.38]
  [7.907 -13.164000000000001 -3.5949999999999993 8.4 -1.23
   9.170000000000002]
  [11.127 -8.534000000000002 -4.754999999999999 10.030000000000001 -1.81
   10.030000000000001]
  [14.207 -3.6640000000000024 -5.484999999999999 11.82 -2.33 10.63]
  [16.157 0.4659999999999975 -6.635 13.32 -3.06 10.180000000000001]
  [18.107 2.5059999999999976 -7.2749999999999995 14.34
   -3.0100000000000002 8.840000000000002]
  [16.287 1.3759999999999977 -4.375 15.56 -3.83 9.660000000000002]
  [15.157 -1.7540000000000022 -3.355 16.38 -4.66 10.710000000000003]
  [14.767 -2.5840000000000023 -2.545 17.18 -4.69 11.360000000000003]
  [14.556999999999999 -2.464000000000002 -2.395 17.95 -4.7
   12.020000000000003]
  [14.556999999999999 -2.5040000000000022 -2.405 18.72 -4.73
   12.690000000000003]
  [14.586999999999998 -2.614000000000002 -2.4349999999999996 19.5
   -4.710000000000001 13.300000000000002]
  [14.666999999999998 -2.7540000000000022 -2.4749999999999996 20.26
   -4.680000000000001 13.950000000000003]
  [14.786999999999997 -2.844000000000002 -2.4849999999999994
   21.040000000000003 -4.640000000000001 14.580000000000004]
  [14.906999999999996 -2.934000000000002 -2.494999999999999
   21.820000000000004 -4.6000000000000005 15.210000000000004]]

 [[0.03 -0.07 0 0.78 0.03 0.62]
  [0 -0.07 0 1.55 0.07 1.27]
  [-0.07 -0.07 0 2.33 0.05 1.97]
  [-0.060000000000000005 -0.45 0.02 3.14 0.09 2.65]
  [-0.2 -1.64 -0.05 3.88 0.15 3.44]
  [-0.49 -4.13 0.039999999999999994 4.9399999999999995 0.26 4.08]
  [-1.1600000000000001 -10.17 0.8400000000000001 7.09 0.1 4.71]
  [-1.7200000000000002 -15.46 2.02 7.68 0.6799999999999999 5.14]
  [-0.8500000000000002 -19.91 3.29 8.09 0.83 5.66]
  [0.5899999999999997 -17.59 3.62 8.56 0.6399999999999999 6.17]
  [1.5099999999999998 -14.2 2.77 9.26 0.21999999999999992
   6.6899999999999995]
  [3.34 -9.709999999999999 1.48 10.42 -0.1200000000000001
   7.319999999999999]
  [5.67 -5.029999999999999 1.1099999999999999 11.85 -0.4300000000000001
   8.059999999999999]
  [8.32 -0.7399999999999993 0.43999999999999984 13.629999999999999
   -1.1700000000000002 8.649999999999999]
  [11.27 3.0300000000000007 -0.42000000000000015 15.419999999999998
   -1.5500000000000003 7.969999999999999]
  [14.01 5.190000000000001 -0.3900000000000001 16.549999999999997
   -1.0800000000000003 6.309999999999999]
  [12.24 4.070000000000001 0.98 17.56 -2.0500000000000003
   7.219999999999999]
  [11.07 1.0900000000000012 2.09 19.18 -2.58 7.499999999999999]
  [10.52 -1.2199999999999989 3.92 19.97 -2.6 8.139999999999999]
  [10.15 -1.0799999999999987 4.18 20.79 -2.64 8.729999999999999]
  [10.110000000000001 -1.2299999999999986 4.3 21.58 -2.64
   9.339999999999998]
  [10.160000000000002 -1.3299999999999987 4.31 22.38 -2.62
   9.929999999999998]
  [10.160000000000002 -1.3299999999999987 4.279999999999999
   23.169999999999998 -2.6100000000000003 10.519999999999998]
  [10.160000000000002 -1.3299999999999987 4.249999999999999
   23.959999999999997 -2.6000000000000005 11.109999999999998]
  [10.160000000000002 -1.3299999999999987 4.219999999999999
   24.749999999999996 -2.5900000000000007 11.699999999999998]]

 [[-0.04 0.04 -0.01 0.81 0 0.61]
  [-0.11000000000000001 0.16 0.04 1.61 0.02 1.22]
  [-0.12000000000000001 0.2 0.04 2.4000000000000004 0.03 1.9]
  [-0.17 -0.04999999999999999 0.04 3.1900000000000004 0.05 2.59]
  [-0.34 -1.05 0.15 3.9300000000000006 0.12000000000000001 3.38]
  [-0.75 -3.45 0.53 4.970000000000001 0.27 4.13]
  [-1.75 -9.36 2.13 7.420000000000001 0.19 4.97]
  [-2.12 -14.899999999999999 4 9.38 -0.29 5.029999999999999]
  [-1.4000000000000001 -18.759999999999998 6.9 9.67 0.020000000000000018
   5.51]
  [0.5699999999999998 -16.75 6.08 10.09 -0.42 6.06]
  [2.4299999999999997 -13.83 3.79 10.91 -1.19 6.779999999999999]
  [5.289999999999999 -9.879999999999999 2.02 12.04 -1.8399999999999999
   7.64]
  [8.299999999999999 -5.429999999999999 1.2000000000000002 13.7 -2.59
   8.56]
  [11.649999999999999 -0.9999999999999991 0.4900000000000002 15.2 -3.33
   8.9]
  [14.339999999999998 2.270000000000001 0.4800000000000002
   16.619999999999997 -4.04 8.16]
  [16.86 3.570000000000001 0.8800000000000002 16.88 -3.49 8.56]
  [14.52 2.000000000000001 3.6100000000000003 18.369999999999997 -4.32
   9.38]
  [13.42 -1.0599999999999992 4.720000000000001 19.599999999999998 -5.62
   9.97]
  [12.99 -2.349999999999999 5.530000000000001 20.409999999999997 -5.62
   10.610000000000001]
  [12.73 -2.4899999999999993 5.700000000000001 21.219999999999995 -5.62
   11.21]
  [12.72 -2.6599999999999993 5.730000000000001 22.019999999999996 -5.62
   11.82]
  [12.790000000000001 -2.8199999999999994 5.710000000000002
   22.819999999999997 -5.59 12.41]
  [12.83 -2.8799999999999994 5.6800000000000015 23.609999999999996 -5.57
   13.01]
  [12.81 -2.8499999999999996 5.690000000000001 24.409999999999997 -5.54
   13.61]
  [12.790000000000001 -2.82 5.700000000000001 25.209999999999997 -5.51
   14.209999999999999]]

 [[0 0.02 0.03 0.8 0.02 0.62]
  [0.09 -0.009999999999999998 0.009999999999999998 1.6 0.04 1.25]
  [0.039999999999999994 -0.18000000000000002 -0.010000000000000002 2.39
   0.08 1.9]
  [-0.13 -0.8400000000000001 0.10999999999999999 3.18 0.11
   2.5999999999999996]
  [-0.41000000000000003 -2.35 0.27 3.95 0.12 3.3199999999999994]
  [-0.93 -6.1899999999999995 1.03 5.800000000000001 0.16
   3.8899999999999992]
  [-0.9500000000000001 -12.219999999999999 2.23 6.360000000000001
   0.33999999999999997 4.839999999999999]
  [0.6999999999999998 -16.31 2.7199999999999998 8.280000000000001
   0.11999999999999997 5.829999999999999]
  [3.19 -17.919999999999998 5.07 8.38 0.13999999999999996
   6.3999999999999995]
  [5.85 -15.529999999999998 3.75 8.97 -0.7 7.2299999999999995]
  [8.02 -12.659999999999997 1.33 9.73 -1.7 8.12]
  [11.48 -8.479999999999997 -0.20999999999999996 10.97 -2.63
   9.129999999999999]
  [14.540000000000001 -3.899999999999997 -0.53 12.59 -3.3499999999999996
   9.95]
  [17.04 0.9100000000000028 -0.46 14.43 -3.8999999999999995 9.58]
  [18 3.8300000000000027 0.32 15.94 -4.1 8.08]
  [18.29 3.820000000000003 1.9400000000000002 17.689999999999998 -4.25
   8.8]
  [17.71 0.6400000000000028 2.66 19.249999999999996 -4.63 9.15]
  [17.3 -0.7399999999999971 3.6900000000000004 20.089999999999996
   -4.7299999999999995 9.790000000000001]
  [17.07 -0.7199999999999971 3.8300000000000005 20.879999999999995
   -4.7299999999999995 10.41]
  [16.98 -0.649999999999997 3.8700000000000006 21.659999999999997
   -4.739999999999999 11.05]
  [17 -0.6899999999999971 3.8700000000000006 22.449999999999996
   -4.739999999999999 11.66]
  [17.05 -0.7499999999999971 3.8700000000000006 23.239999999999995 -4.72
   12.26]
  [17.09 -0.7999999999999972 3.8600000000000008 24.029999999999994 -4.71
   12.87]
  [17.13 -0.8499999999999972 3.850000000000001 24.819999999999993 -4.7
   13.479999999999999]
  [17.169999999999998 -0.8999999999999972 3.840000000000001
   25.609999999999992 -4.69 14.089999999999998]]

 [[0 0.05 0 0.79 0.02 0.62]
  [0 0.1 -0.01 1.6 0.04 1.26]
  [0.08 0.11 0 2.3600000000000003 0.06 2.0300000000000002]
  [0.020000000000000004 -0.83 0.01 3.08 0.13 2.75]
  [-0.36 -2.99 0.36 3.91 0.14 3.54]
  [-1.15 -8.52 1.65 6.15 -0.01999999999999999 4.28]
  [-1.91 -15.379999999999999 3.11 5.44 0.6699999999999999 5.45]
  [0.030000000000000027 -20.58 4.27 5.98 1.0299999999999998 5.88]
  [3.3200000000000003 -18.799999999999997 4.2299999999999995
   6.430000000000001 0.5899999999999999 6.43]
  [4.630000000000001 -15.629999999999997 1.5899999999999994
   7.170000000000001 -0.30000000000000016 7.119999999999999]
  [7.840000000000001 -11.609999999999998 -0.4800000000000004 8.25 -1
   7.889999999999999]
  [10.88 -6.769999999999998 -1.5200000000000005 9.81 -1.6800000000000002
   8.829999999999998]
  [13.580000000000002 -1.9399999999999977 -2.0700000000000003 11.55
   -2.42 9.399999999999999]
  [16.110000000000003 2.0500000000000025 -2.6300000000000003
   13.120000000000001 -3.2399999999999998 8.469999999999999]
  [18.560000000000002 4.110000000000003 -2.43 13.21 -2.7699999999999996
   8.95]
  [15.560000000000002 2.360000000000003 1.06 14.65 -3.2699999999999996
   9.87]
  [14.800000000000002 -0.5299999999999971 2 16.47 -3.7499999999999996
   10.28]
  [14.010000000000002 -2.529999999999997 3.37 17.31 -3.7899999999999996
   10.92]
  [13.670000000000002 -2.5199999999999974 3.52 18.099999999999998 -3.78
   11.55]
  [13.610000000000001 -2.6999999999999975 3.57 18.889999999999997 -3.78
   12.180000000000001]
  [13.590000000000002 -2.7699999999999974 3.56 19.679999999999996 -3.75
   12.790000000000001]
  [13.700000000000001 -2.9499999999999975 3.57 20.469999999999995 -3.73
   13.4]
  [13.81 -3.1299999999999977 3.5799999999999996 21.259999999999994 -3.71
   14.01]
  [13.92 -3.309999999999998 3.5899999999999994 22.049999999999994 -3.69
   14.62]
  [14.03 -3.489999999999998 3.599999999999999 22.839999999999993 -3.67
   15.229999999999999]]

 [[-0.02 0.11 0.01 0.79 0.02 0.63]
  [0.02 0.15 0.08 1.57 0.03 1.29]
  [-0.05 -0.010000000000000009 0.11 2.33 0.04 2.01]
  [-0.11 -0.79 0.13 3.06 0.08 2.7199999999999998]
  [-0.54 -2.52 0.5 3.81 0.16999999999999998 3.4099999999999997]
  [-1.23 -6.699999999999999 1.57 5.92 0.33999999999999997 4.06]
  [-2.26 -13.28 3.43 6.18 0.6399999999999999 5.4399999999999995]
  [-1.9199999999999997 -17.21 4.640000000000001 7.13 0.8699999999999999
   6.06]
  [1.09 -16.970000000000002 5.340000000000001 7.59 0.7799999999999999
   6.52]
  [1.77 -14.350000000000001 2.9300000000000006 8.2 -0.02000000000000013
   7.18]
  [4.01 -10.63 0.09000000000000075 9.09 -0.9400000000000002 7.89]
  [6.83 -6.0600000000000005 -1.0999999999999992 10.54
   -1.6300000000000001 8.73]
  [8.68 -1.0200000000000005 -1.8999999999999992 12.34 -2.22 9.34]
  [11.12 3.5199999999999996 -2.479999999999999 14.18 -2.9000000000000004
   8.83]
  [14.669999999999998 5.7299999999999995 -2.539999999999999 15.48
   -2.8400000000000003 7.2]
  [13.739999999999998 5.289999999999999 -1.0699999999999992 16.41
   -3.6300000000000003 8]
  [12.469999999999999 2.289999999999999 0.12000000000000077 17.79
   -3.2600000000000002 8.23]
  [11.799999999999999 0.16999999999999904 1.6500000000000008 18.56 -3.24
   8.9]
  [11.37 0.629999999999999 1.8200000000000007 19.32 -3.2300000000000004
   9.52]
  [11.309999999999999 0.379999999999999 1.8900000000000008 20.1
   -3.2600000000000002 10.16]
  [11.259999999999998 0.349999999999999 1.8900000000000008
   20.880000000000003 -3.2300000000000004 10.77]
  [11.319999999999999 0.299999999999999 1.9000000000000008 21.67
   -3.2100000000000004 11.379999999999999]
  [11.349999999999998 0.249999999999999 1.8900000000000008 22.46
   -3.2100000000000004 12.01]
  [11.339999999999998 0.329999999999999 1.8800000000000008 23.25
   -3.1900000000000004 12.629999999999999]
  [11.329999999999998 0.40999999999999903 1.8700000000000008 24.04
   -3.1700000000000004 13.249999999999998]]

 [[-0.08 -0.07 -0.02 0.8 0.05 0.62]
  [-0.16 -0.12000000000000001 -0.06 1.6 0.1 1.23]
  [-0.24 -0.18 -0.06999999999999999 2.39 0.16 1.85]
  [-0.16999999999999998 -0.51 -0.009999999999999995 3.1900000000000004
   0.19 2.5300000000000002]
  [-0.31999999999999995 -1.62 0.22999999999999998 3.9200000000000004
   0.35 3.3400000000000003]
  [-1.5 -5.42 1.72 4.640000000000001 0.63 4.2]
  [-2.98 -9.95 4.8 6.65 0.99 5.03]
  [-4.76 -12.329999999999998 7.43 8.09 0.94 6.140000000000001]
  [-3.63 -10.359999999999998 6.6499999999999995 7.8 1.48 6.98]
  [-2.16 -7.629999999999997 4.539999999999999 8.53 1.4
   7.8500000000000005]
  [-0.56 -3.929999999999997 1.3099999999999992 9.649999999999999 1.22
   8.71]
  [-0.030000000000000027 0.7100000000000026 -1.3600000000000008 11.2
   0.78 9.64]
  [0.64 4.850000000000002 -3.190000000000001 13.11 0.49000000000000005
   9.84]
  [1.71 6.410000000000002 -4.170000000000001 14.83 -0.10999999999999993
   8.93]
  [-0.26 3.860000000000002 -1.0300000000000007 15.46 1.1300000000000001
   9.98]
  [-0.87 1.390000000000002 -0.5300000000000007 16.54 0.6300000000000001
   10.9]
  [-1.24 -0.3799999999999981 0.29999999999999927 18.21
   1.4000000000000001 11.51]
  [-1.48 -0.3599999999999981 0.5899999999999992 19.03 1.4000000000000001
   12.19]
  [-1.49 -0.4399999999999981 0.6599999999999993 19.810000000000002
   1.4600000000000002 12.82]
  [-1.6 -0.3399999999999981 0.7199999999999993 20.570000000000004
   1.5000000000000002 13.47]
  [-1.6600000000000001 -0.3399999999999981 0.7299999999999993
   21.340000000000003 1.5600000000000003 14.110000000000001]
  [-1.7200000000000002 -0.3399999999999981 0.7399999999999993
   22.110000000000003 1.6200000000000003 14.750000000000002]
  [-1.7800000000000002 -0.3399999999999981 0.7499999999999993
   22.880000000000003 1.6800000000000004 15.390000000000002]
  [-1.8400000000000003 -0.3399999999999981 0.7599999999999993
   23.650000000000002 1.7400000000000004 16.03]
  [-1.9000000000000004 -0.3399999999999981 0.7699999999999994 24.42
   1.8000000000000005 16.67]]

 [[-0.11 0.12 0 0.76 0.04 0.65]
  [-0.14 0.18 0 1.53 0.07 1.31]
  [0.009999999999999981 -0.04000000000000001 0.04 2.24 0.13 2.18]
  [-0.25 -1.6500000000000001 0.3 2.95 0.22 2.99]
  [-1.27 -5.840000000000001 1.68 3.6 0.37 3.9000000000000004]
  [-2.9299999999999997 -12.52 4.18 5.48 0.45 4.67]
  [-4.449999999999999 -16.5 6.33 3.8200000000000003 1.55 6.35]
  [-3.959999999999999 -14.66 6.15 4.34 2 7.1]
  [-2.919999999999999 -11.73 5.050000000000001 4.84 2.05 7.71]
  [-0.8099999999999992 -7.33 3.1100000000000008 5.45 1.8299999999999998
   8.3]
  [1.310000000000001 -2.7 0.8100000000000009 6.69 1.46 9.100000000000001]
  [2.640000000000001 2.24 -1.629999999999999 8.36 1.0699999999999998
   9.940000000000001]
  [3.380000000000001 6.430000000000001 -3.689999999999999 10.33
   0.7299999999999998 10.250000000000002]
  [5.000000000000001 7.5200000000000005 -5.139999999999999 12.14
   0.34999999999999976 9.21]
  [2.180000000000001 4.710000000000001 -2.199999999999999 12.68
   0.5899999999999997 11]
  [2.1300000000000012 2.120000000000001 -1.3499999999999988 13.69
   0.27999999999999975 11.83]
  [1.470000000000001 0.7600000000000009 0.040000000000001146 15.19
   0.34999999999999976 12.24]
  [1.3100000000000012 0.6500000000000009 0.34000000000000113 16.02
   0.35999999999999976 12.91]
  [1.3100000000000012 0.5400000000000009 0.3900000000000011 16.79
   0.44999999999999973 13.53]
  [1.2700000000000011 0.5200000000000009 0.4400000000000011 17.56
   0.4999999999999997 14.18]
  [1.230000000000001 0.5000000000000009 0.4900000000000011 18.33
   0.5499999999999997 14.83]
  [1.190000000000001 0.48000000000000087 0.5400000000000011
   19.099999999999998 0.5999999999999998 15.48]
  [1.150000000000001 0.46000000000000085 0.5900000000000012
   19.869999999999997 0.6499999999999998 16.13]
  [1.110000000000001 0.44000000000000083 0.6400000000000012
   20.639999999999997 0.6999999999999998 16.779999999999998]
  [1.070000000000001 0.4200000000000008 0.6900000000000013
   21.409999999999997 0.7499999999999999 17.429999999999996]]

 [[-0.01 -0.03 0.03 0.78 0.04 0.63]
  [-0.08 0.1 0.05 1.55 0.08 1.27]
  [0.24 -0.24999999999999997 0.05 2.3200000000000003 0.11 1.94]
  [0.25 -1.23 0.2 3.08 0.18 2.69]
  [-0.29000000000000004 -3.35 0.48000000000000004 3.8 0.21
   3.4699999999999998]
  [-1.2000000000000002 -8.86 1.99 4.6499999999999995 0.45999999999999996
   4.279999999999999]
  [-2.5600000000000005 -14.82 4.58 7.049999999999999 0.48
   5.249999999999999]
  [-4.010000000000001 -19.18 6.49 8.68 0.57 5.249999999999999]
  [-3.7900000000000005 -16.43 6.180000000000001 8.85 0.83
   5.999999999999999]
  [-2.1200000000000006 -12.73 5.040000000000001 9.469999999999999 0.7
   6.579999999999999]
  [0.17999999999999927 -7.710000000000001 3.190000000000001
   10.319999999999999 0.21999999999999997 7.169999999999999]
  [2.0099999999999993 -2.8400000000000007 1.4900000000000009
   11.719999999999999 -0.13 7.889999999999999]
  [3.1299999999999994 1.9799999999999995 -0.7499999999999993 13.34
   -0.47000000000000003 8.599999999999998]
  [4.09 5.58 -2.5299999999999994 15.4 -0.8700000000000001
   8.599999999999998]
  [4.859999999999999 6.12 -3.4699999999999993 17.11 -1.2200000000000002
   7.579999999999998]
  [3.249999999999999 2.98 -2.2399999999999993 17.66 -1.0100000000000002
   9.339999999999998]
  [3.439999999999999 0.73 -1.7999999999999994 18.61 -0.5100000000000002
   9.949999999999998]
  [2.959999999999999 -0.19000000000000006 -0.7499999999999993
   19.689999999999998 -0.02000000000000024 10.249999999999998]
  [2.799999999999999 -0.51 -0.3499999999999993 20.47
   -0.11000000000000024 11.019999999999998]
  [2.769999999999999 -0.55 -0.25999999999999934 21.24
   -2.3592239273284576e-16 11.649999999999999]
  [2.769999999999999 -0.74 -0.26999999999999935 22.02
   0.07999999999999977 12.28]
  [2.769999999999999 -0.9299999999999999 -0.27999999999999936 22.8
   0.15999999999999975 12.91]
  [2.769999999999999 -1.1199999999999999 -0.28999999999999937
   23.580000000000002 0.23999999999999977 13.540000000000001]
  [2.769999999999999 -1.3099999999999998 -0.2999999999999994
   24.360000000000003 0.3199999999999998 14.170000000000002]
  [2.769999999999999 -1.4999999999999998 -0.3099999999999994
   25.140000000000004 0.3999999999999998 14.800000000000002]]

 [[-0.01 -0.07 0.05 0.79 0.05 0.63]
  [0.29 -0.30000000000000004 0.08 1.58 0.1 1.26]
  [0.3 -0.65 0.08 2.3600000000000003 0.18 1.9]
  [0.15 -1.57 0.16 3.1500000000000004 0.22 2.62]
  [-0.31000000000000005 -3.84 0.58 3.8200000000000003 0.36
   3.4000000000000004]
  [-1.3800000000000001 -9.629999999999999 2.45 4.99 0.5
   4.260000000000001]
  [-2.89 -15.049999999999999 4.82 7.37 0.72 5.220000000000001]
  [-3.7800000000000002 -18.88 6.23 9.89 0.59 5.53]
  [-3.49 -16.06 6.32 10.040000000000001 0.63 6.140000000000001]
  [-1.5500000000000003 -12.469999999999999 5.61 10.65 0.5700000000000001
   6.620000000000001]
  [0.5299999999999998 -7.889999999999999 3.8800000000000003
   11.450000000000001 0.22000000000000008 7.220000000000001]
  [2.4 -3.089999999999999 2.0200000000000005 12.81 -0.029999999999999916
   7.98]
  [3.8 1.7100000000000009 -0.3899999999999997 14.47 -0.3299999999999999
   8.73]
  [4.88 5.420000000000001 -2.4599999999999995 16.62 -0.6099999999999999
   8.82]
  [6.15 6.140000000000001 -3.51 18.3 -0.9099999999999999 7.79]
  [3.1300000000000003 4.300000000000001 -1.5799999999999998 18.95 -1.01
   9.8]
  [3.3000000000000003 1.5600000000000005 -0.6799999999999998 19.89 -0.93
   10.56]
  [2.49 0 0.9900000000000001 21.63 -0.5 10.73]
  [2.35 -0.06 1.34 22.47 -0.45 11.4]
  [2.3200000000000003 -0.08 1.4100000000000001 23.259999999999998 -0.4
   12.05]
  [2.3400000000000003 -0.08 1.4400000000000002 24.029999999999998 -0.32
   12.67]
  [2.3600000000000003 -0.08 1.4700000000000002 24.799999999999997 -0.24
   13.29]
  [2.3800000000000003 -0.08 1.5000000000000002 25.569999999999997
   -0.15999999999999998 13.909999999999998]
  [2.4000000000000004 -0.08 1.5300000000000002 26.339999999999996
   -0.07999999999999997 14.529999999999998]
  [2.4200000000000004 -0.08 1.5600000000000003 27.109999999999996 0
   15.149999999999997]]

 [[-0.03 0.05 -0.01 0.77 0.06 0.62]
  [-0.13 0.32 -0.06999999999999999 1.53 0.09 1.26]
  [-0.1 0.39 -0.09999999999999999 2.2800000000000002 0.15 1.92]
  [-0.12000000000000001 -0.09999999999999998 -0.09999999999999999 3.04
   0.19 2.76]
  [-0.41 -2.16 0.21000000000000002 3.71 0.29000000000000004
   3.5799999999999996]
  [-1.3499999999999999 -7.59 1.96 4.4399999999999995 0.51
   4.449999999999999]
  [-2.8 -13.899999999999999 4.52 6.539999999999999 0.62 5.35]
  [-4.359999999999999 -18.349999999999998 6.8999999999999995
   8.069999999999999 0.55 5.63]
  [-4.18 -16.4 6.8 8.399999999999999 0.9 6.26]
  [-3.04 -13.499999999999998 5.75 8.95 0.8400000000000001 6.79]
  [-1.12 -9.009999999999998 3.83 9.739999999999998 0.53 7.32]
  [0.94 -4.429999999999998 1.8900000000000001 10.79 0.19 8.02]
  [2.4 0.5100000000000025 -0.07999999999999985 12.319999999999999 -0.18
   8.92]
  [3.99 4.690000000000002 -2.1399999999999997 14.319999999999999 -0.45
   9.41]
  [5.95 6.440000000000002 -3.8199999999999994 16.119999999999997
   -0.9199999999999999 8.59]
  [2.48 4.590000000000002 -1.5999999999999992 16.049999999999997
   -0.8599999999999999 8.29]
  [2.05 1.1700000000000017 -0.9099999999999993 17.449999999999996
   -1.3399999999999999 9.299999999999999]
  [1.1599999999999997 -1.0099999999999985 0.1500000000000008
   19.289999999999996 -1.2599999999999998 10.27]
  [0.9499999999999997 -1.0499999999999985 0.3500000000000008
   20.079999999999995 -1.2499999999999998 10.94]
  [0.9899999999999998 -1.1299999999999986 0.3500000000000008
   20.849999999999994 -1.1999999999999997 11.58]
  [0.9399999999999997 -1.0799999999999985 0.2900000000000008
   21.629999999999995 -1.1899999999999997 12.22]
  [0.9699999999999998 -1.0699999999999985 0.3000000000000008
   22.389999999999997 -1.1599999999999997 12.870000000000001]
  [0.9999999999999998 -1.0599999999999985 0.31000000000000083 23.15
   -1.1299999999999997 13.520000000000001]
  [1.0299999999999998 -1.0499999999999985 0.32000000000000084 23.91
   -1.0999999999999996 14.170000000000002]
  [1.0599999999999998 -1.0399999999999985 0.33000000000000085 24.67
   -1.0699999999999996 14.820000000000002]]

 [[-0.05 0.19 -0.06 0.76 0.04 0.64]
  [-0.04 0.36 -0.1 1.52 0.07 1.31]
  [-0.03 -0.06 -0.07 2.25 0.09000000000000001 2.1]
  [-0.28 -1.72 0.10999999999999999 2.94 0.2 2.92]
  [-1.12 -6.2 1.4899999999999998 3.52 0.37 3.78]
  [-2.85 -13.18 3.7899999999999996 5.55 0.51 4.58]
  [-3.9400000000000004 -17.2 5.77 4.63 1.5 6.35]
  [-3.0800000000000005 -15.629999999999999 5.77 5.2 2.08 7.14]
  [-2.0200000000000005 -12.549999999999999 4.569999999999999
   5.720000000000001 2.0300000000000002 7.76]
  [0.24999999999999956 -7.839999999999999 2.369999999999999 6.32
   1.6900000000000002 8.33]
  [2.2399999999999993 -2.999999999999999 0.3699999999999992 7.57
   1.3000000000000003 9.11]
  [3.5899999999999994 2.2200000000000006 -1.8000000000000007 9.15
   1.0300000000000002 10.02]
  [4.89 6.57 -3.960000000000001 11.5 0.6900000000000002 10.36]
  [7 7.69 -5.690000000000001 13.26 0.04000000000000015 9.049999999999999]
  [3.52 4.32 -2.4300000000000015 14.06 -0.4899999999999999 11.27]
  [3.4 1.5500000000000003 -1.5600000000000014 15.030000000000001
   -0.5699999999999998 11.969999999999999]
  [2.82 0.4800000000000002 -0.4400000000000013 16.78 -0.7599999999999998
   12.479999999999999]
  [2.57 0.5800000000000002 -0.24000000000000127 17.61
   -0.7899999999999998 13.149999999999999]
  [2.56 0.6300000000000002 -0.19000000000000128 18.38
   -0.7599999999999998 13.799999999999999]
  [2.63 0.5700000000000003 -0.21000000000000127 19.13
   -0.7099999999999997 14.45]
  [2.6999999999999997 0.5100000000000002 -0.23000000000000126 19.88
   -0.6599999999999997 15.1]
  [2.7699999999999996 0.45000000000000023 -0.2500000000000013 20.63
   -0.6099999999999997 15.75]
  [2.8399999999999994 0.39000000000000024 -0.2700000000000013 21.38
   -0.5599999999999996 16.4]
  [2.9099999999999993 0.33000000000000024 -0.2900000000000013 22.13
   -0.5099999999999996 17.049999999999997]
  [2.979999999999999 0.27000000000000024 -0.31000000000000133 22.88
   -0.4599999999999996 17.699999999999996]]

 [[0 0.04 -0.01 0.75 0.01 0.68]
  [-0.04 0.1 -0.02 1.49 0.060000000000000005 1.3900000000000001]
  [-0.06 -0.31999999999999995 -0.09000000000000001 2.24 0.07 2.1]
  [-0.25 -1.37 0.08999999999999998 2.9800000000000004
   0.11000000000000001 2.85]
  [-0.93 -3.81 0.83 3.6500000000000004 0.19 3.66]
  [-2.25 -9.540000000000001 2.78 4.75 0.16 4.5200000000000005]
  [-3.45 -15.610000000000001 5.1899999999999995 7.43 0.2 5.49]
  [-5.36 -20.19 8.14 10.7 -0.98 5.76]
  [-4.53 -17.490000000000002 7.49 10.86 -0.6599999999999999
   6.1899999999999995]
  [-3.2700000000000005 -14.150000000000002 6.04 11.44
   -0.7799999999999999 6.659999999999999]
  [-0.9100000000000006 -9.850000000000001 4.1 12.219999999999999 -1.04
   7.1899999999999995]
  [0.9399999999999995 -5.420000000000002 2.26 13.53 -1.33
   7.9799999999999995]
  [2.9099999999999993 -0.5800000000000018 -0.010000000000000231 15.18
   -1.62 8.84]
  [4.819999999999999 2.7699999999999982 -1.9300000000000002 17.09
   -2.0300000000000002 9.37]
  [6.4799999999999995 4.079999999999998 -3.1500000000000004 18.52
   -2.4800000000000004 8.54]
  [4.989999999999999 2.419999999999998 -3.24 19.419999999999998
   -1.7900000000000005 9.34]
  [3.129999999999999 -1.530000000000002 -3.1300000000000003 20.75
   -3.1000000000000005 10.49]
  [2.959999999999999 -3.630000000000002 -2.7800000000000002 21.68
   -2.4600000000000004 10.99]
  [2.4899999999999993 -4.350000000000002 -1.87 22.63 -3.0500000000000003
   11.96]
  [2.329999999999999 -4.270000000000002 -1.77 23.4 -3.0300000000000002
   12.66]
  [2.2799999999999994 -4.170000000000003 -1.77 24.16 -3.0100000000000002
   13.33]
  [2.2799999999999994 -4.270000000000002 -1.81 24.91 -2.95 13.98]
  [2.2799999999999994 -4.370000000000002 -1.85 25.66 -2.89 14.63]
  [2.2799999999999994 -4.4700000000000015 -1.8900000000000001 26.41
   -2.83 15.280000000000001]
  [2.2799999999999994 -4.570000000000001 -1.9300000000000002 27.16 -2.77
   15.930000000000001]]

 [[0.02 0.1 -0.08 0.75 0.03 0.67]
  [-0.09 0.05 -0.16999999999999998 1.48 0.03 1.4100000000000001]
  [0.010000000000000009 -0.58 -0.15 2.24 0.13 2.08]
  [-0.18 -1.73 0.19000000000000003 2.99 0.18 2.8]
  [-0.8200000000000001 -3.78 0.9500000000000001 3.7300000000000004 0.29
   3.53]
  [-2.1500000000000004 -8.76 2.92 4.69 0.3 4.45]
  [-3.0300000000000002 -15.1 5.02 6.73 0.18 5.220000000000001]
  [-4.470000000000001 -17.71 7.039999999999999 5.1000000000000005 1.38
   4.700000000000001]
  [-3.040000000000001 -14.97 5.709999999999999 5.500000000000001
   1.6199999999999999 5.050000000000001]
  [-1.780000000000001 -11.260000000000002 3.439999999999999
   6.0600000000000005 1.1099999999999999 5.15]
  [0.9399999999999993 -7.3900000000000015 0.7299999999999991
   6.710000000000001 0.5199999999999999 5.21]
  [1.6399999999999992 -3.5600000000000014 -0.21000000000000085
   8.040000000000001 -0.1200000000000001 5.24]
  [1.2599999999999993 -1.4200000000000013 -0.14000000000000085
   10.760000000000002 -1.4200000000000002 5.12]
  [1.2599999999999993 -1.4700000000000013 -1.040000000000001 12.8 -1.85
   4.55]
  [1.5499999999999994 -1.9400000000000013 -1.070000000000001
   13.510000000000002 -1.61 5.25]
  [1.4799999999999993 -1.8600000000000012 -1.060000000000001
   14.290000000000001 -1.62 5.9399999999999995]
  [1.6199999999999992 -2.010000000000001 -1.100000000000001 15.06 -1.54
   6.569999999999999]
  [1.6999999999999993 -2.040000000000001 -1.100000000000001 15.82 -1.49
   7.2299999999999995]
  [1.8099999999999994 -2.080000000000001 -1.130000000000001
   16.580000000000002 -1.42 7.869999999999999]
  [1.8599999999999994 -2.080000000000001 -1.150000000000001
   17.340000000000003 -1.3599999999999999 8.52]
  [1.8799999999999994 -2.080000000000001 -1.160000000000001
   18.110000000000003 -1.2999999999999998 9.16]
  [1.8999999999999995 -2.080000000000001 -1.170000000000001
   18.880000000000003 -1.2399999999999998 9.8]
  [1.9199999999999995 -2.080000000000001 -1.180000000000001
   19.650000000000002 -1.1799999999999997 10.440000000000001]
  [1.9399999999999995 -2.080000000000001 -1.190000000000001 20.42
   -1.1199999999999997 11.080000000000002]
  [1.9599999999999995 -2.080000000000001 -1.200000000000001 21.19
   -1.0599999999999996 11.720000000000002]]]
y_data:[0 0 0 0 0 0 0 0 0 0 0 0 0 0 0 0 0 1 1 1 1 1 1 1 1 1 1 1 1 1 2 2 2 2 2 2 2
 2]
